<?xml version="1.0" encoding="UTF-8"?>
<testng-results skipped="0" failed="0" ignored="0" total="1" passed="1">
  <reporter-output>
  </reporter-output>
  <suite name="Default suite" duration-ms="12569" started-at="2017-11-14T07:59:07Z" finished-at="2017-11-14T07:59:19Z">
    <groups>
    </groups>
    <test name="Default test" duration-ms="12569" started-at="2017-11-14T07:59:07Z" finished-at="2017-11-14T07:59:19Z">
      <class name="Login">
        <test-method status="PASS" signature="logindata()[pri:0, instance:Login@215be6bb]" name="logindata" duration-ms="12554" started-at="2017-11-14T13:29:07Z" finished-at="2017-11-14T13:29:19Z">
          <reporter-output>
          </reporter-output>
        </test-method> <!-- logindata -->
      </class> <!-- Login -->
    </test> <!-- Default test -->
  </suite> <!-- Default suite -->
</testng-results>
